2025-07-18 08:48:00 | WARN | repo=richrates | action=pull
2025-03-16 12:46:00 | INFO | repo=richrates | action=edit | files=1
2025-07-07 17:46:00 | DEBUG | repo=richrates | action=edit | files=5
2025-10-27 08:07:00 | DEBUG | repo=richrates | action=commit
2025-11-19 14:03:00 | WARN | repo=richrates | action=commit
2025-10-19 16:48:00 | WARN | repo=richrates | action=pull
2025-04-25 21:21:00 | INFO | repo=richrates | action=test | passed=true
2025-01-13 07:18:00 | INFO | repo=richrates | action=test | passed=true
2025-06-16 18:47:00 | INFO | repo=richrates | action=pull
2025-04-23 19:28:00 | INFO | repo=richrates | action=commit
2025-01-20 16:23:00 | INFO | repo=richrates | action=pull
2025-10-27 10:02:00 | DEBUG | repo=richrates | action=commit
2025-11-03 19:50:00 | DEBUG | repo=richrates | action=commit
2025-07-28 19:46:00 | INFO | repo=richrates | action=commit
2025-01-06 16:58:00 | INFO | repo=richrates | action=commit
2025-11-03 07:19:00 | INFO | repo=richrates | action=commit
2025-05-27 16:48:00 | DEBUG | repo=richrates | action=commit
2025-11-19 07:29:00 | INFO | repo=richrates | action=commit
2025-12-18 19:15:00 | DEBUG | repo=richrates | action=commit
2025-01-22 18:02:00 | INFO | repo=richrates | action=pull
2025-04-05 18:35:00 | DEBUG | repo=richrates | action=pull
2025-04-07 08:09:00 | DEBUG | repo=richrates | action=commit
2025-12-09 08:45:00 | WARN | repo=richrates | action=pull
2025-06-11 08:51:00 | INFO | repo=richrates | action=commit
2025-07-02 10:40:00 | WARN | repo=richrates | action=commit
2025-06-14 12:16:00 | DEBUG | repo=richrates | action=test | passed=true
2025-11-13 08:58:00 | INFO | repo=richrates | action=test | passed=true
2025-06-17 12:05:00 | INFO | repo=richrates | action=commit
2025-07-15 19:36:00 | WARN | repo=richrates | action=commit
2025-12-21 19:48:00 | INFO | repo=richrates | action=commit
2025-01-12 12:35:00 | INFO | repo=richrates | action=commit
2025-10-12 14:24:00 | WARN | repo=richrates | action=commit
2025-05-27 08:50:00 | INFO | repo=richrates | action=commit
2025-12-22 08:17:00 | INFO | repo=richrates | action=commit
2025-08-02 16:50:00 | DEBUG | repo=richrates | action=test | passed=true
2025-10-27 15:03:00 | DEBUG | repo=richrates | action=commit
2025-02-03 15:07:00 | DEBUG | repo=richrates | action=pull
2025-03-24 08:17:00 | WARN | repo=richrates | action=test | passed=true
2025-09-20 21:45:00 | DEBUG | repo=richrates | action=commit
2025-11-07 11:03:00 | DEBUG | repo=richrates | action=test | passed=true
2025-10-23 07:32:00 | WARN | repo=richrates | action=commit
2025-04-11 13:56:00 | DEBUG | repo=richrates | action=commit
2025-01-22 10:39:00 | WARN | repo=richrates | action=commit
2025-04-11 10:01:00 | INFO | repo=richrates | action=pull
2025-08-25 14:57:00 | WARN | repo=richrates | action=pull
2025-11-25 11:37:00 | DEBUG | repo=richrates | action=edit | files=3
2025-04-06 19:37:00 | INFO | repo=richrates | action=commit
2025-06-08 08:56:00 | INFO | repo=richrates | action=commit
